2022-05-30 12:31:26.549251 0x00000e3c         BackgroundTaskBase: Registering msteamsupdate.exe as bgtask com server for task: TeamsAsyncUpdaterTask
2022-05-30 12:31:26.549251 0x00000e3c         Scenario: shell_bgtask_comserverregistration [start,success] Scenario.Status:success, Scenario.Step:start, delta:0, elapsed:1, elapsedSinceProcessStart:141, sequence:0
2022-05-30 12:31:26.564874 0x00003884         AsyncUpdaterTask: Starting updater background task
2022-05-30 12:31:26.580501 0x00003884         Scenario: shell_peristent_storage_read [start,success] Scenario.Status:success, Scenario.Step:start, delta:0, elapsed:22, elapsedSinceProcessStart:174, sequence:0
2022-05-30 12:31:26.596120 0x00003884         Scenario: shell_peristent_storage_read [stop,abandoned] InstanceId:ab90ac5f-52fd-4ae8-81ec-ae5fab42ee69, Scenario.Mode:1, Scenario.Name:shell_peristent_storage_read, Scenario.Status:success, Scenario.Step:start, delta:0, elapsed:22, elapsedSinceProcessStart:174, error:no such file or directory, fileName:configuration.json, previousStep:start, sequence:0, stepDelta:1
2022-05-30 12:31:26.596120 0x00003884         Scenario: shell_peristent_storage_read [start,success] Scenario.Status:success, Scenario.Step:start, delta:0, elapsed:38, elapsedSinceProcessStart:190, sequence:0
2022-05-30 12:31:26.596120 0x00003884         Scenario: shell_peristent_storage_read [stop,success] InstanceId:91eb9e52-6dda-42a1-afb5-305a90adb607, Scenario.Mode:1, Scenario.Name:shell_peristent_storage_read, Scenario.Status:success, Scenario.Step:start, delta:0, elapsed:38, elapsedSinceProcessStart:190, fileName:ecs_request_param.json, previousStep:start, sequence:0, stepDelta:4
2022-05-30 12:31:26.611744 0x00003884         Scenario: shell_ecs_cache [start,success] Scenario.Status:success, Scenario.Step:start, delta:0, elapsed:50, elapsedSinceProcessStart:202, sequence:0
2022-05-30 12:31:26.611744 0x00003884         Scenario: shell_ecs_cache [stop,success] InstanceId:b5188666-5eff-45f3-b0e1-edf13e58f5f4, Scenario.Mode:1, Scenario.Name:shell_ecs_cache, Scenario.Status:success, Scenario.Step:start, delta:0, elapsed:50, elapsedSinceProcessStart:202, previousStep:start, sequence:0, stepDelta:0
2022-05-30 12:31:26.611744 0x00003884         Scenario: shell_ecs_start [start,success] Scenario.Status:success, Scenario.Step:start, delta:0, elapsed:51, elapsedSinceProcessStart:203, sequence:0
2022-05-30 12:31:26.611744 0x00003884         Scenario: shell_ecs_start [stop,success] InstanceId:696b6c06-a779-482e-9d2f-0e797dda1093, Scenario.Mode:3, Scenario.Name:shell_ecs_start, Scenario.Status:success, Scenario.Step:start, Scenario.Steps:[{"Scenario.Status":"success","Scenario.Step":"stop","delta":0,"elapsed":51,"elapsedSinceProcessStart":203,"previousStep":"start","sequence":1,"stepDelta":0}], Scenario.StepsEx:[{}], delta:0, elapsed:51, elapsedSinceProcessStart:203, previousStep:start, sequence:0, stepDelta:0
2022-05-30 12:31:26.611744 0x00003884         Scenario: shell_msix_update [start,success] Scenario.Status:success, Scenario.Step:start, delta:0, elapsed:53, elapsedSinceProcessStart:205, sequence:0
2022-05-30 12:31:26.611744 0x00003884 <ERROR> DeploymentProviderMSIX: Invalid udpate url.
2022-05-30 12:31:26.611744 0x00003884 <ERROR> WIL: msteamsupdate.exe!00007FF79F9074CE: LogHr(1) tid(3884) 800704C7 Операция была отменена пользователем.
2022-05-30 12:31:26.611744 0x00003884 <ERROR> WIL: msteamsupdate.exe!00007FF79F972F76: ReturnHr(1) tid(3884) 800704C7 Операция была отменена пользователем.
    Msg:[winrt::hresult_error: Операция была отменена пользователем.] 
2022-05-30 12:31:26.611744 0x00003884         Scenario: shell_msix_update [stop,abandoned] CurrentVersion:22133.500.1346.3200, DeviceInfo_OfficeMachineId:1494e46a-527c-aa43-9f8b-647e90bb32c5, ErrorText:, ExtendedErrorCode:0x0
, GenericErrorCode:0x800704c7
, InstanceId:ad6c5d48-1f3e-4ca8-87b5-c6dbec081759, LatestVersion:22133.500.1346.3200, Scenario.Mode:3, Scenario.Name:shell_msix_update, Scenario.Status"taccess, Scenario.Step:start, Scenario.Steps:[{"Scenario.Status":"abandoned","Scenario.Step":"stop","delta":2,"elapsed":55,"elapsedSinceProcessStart":207,"previousStep":"start","sequence":1,"stepDelta":2}], Scenario.StepsEx:[{"CurrentVersion":"22133.500.1346.3200","DeviceInfo_OfficeMachineId":"1494e46a-527c-aa43-9f8b-647e90bb32c5","ErrorText":"","ExtendedErrorCode":"0x0\n","GenericErrorCode":"0x800704c7\n","LatestVersion":"22133.500.1346.3200","UpdateCheckReason":"BgUpdateCheck","UpdateFailureCount":0,"UpdateUrl":"https://statics.teams.cdn.office.net/production-windows-x64/22133.500.1346.3200/MicrosoftTeams-x64.msix"}], UpdateCheckReason:BgUpdateCheck, UpdateFailureCount:0, UpdateUrl:https://statics.teams.cdn.office.net/production-windows-x64/22133.500.1346.3200/MicrosoftTeams-x64.msix, delta:0, elapsed:53, elapsedSinceProcessStart:205, previousStep:start, sequence:0, stepDelta:2
2022-05-30 12:31:26.611744 0x00003884         AsyncUpdaterTask: Updater task completed
2022-05-30 12:31:26.627368 0x00000e3c         Scenario: shell_bgtask_comserverregistration [stop,success] InstanceId:104e0dfa-7f04-4283-a37f-92073b3723e9, Scenario.Mode:3, Scenario.Name:shell_bgtask_comserverregistration, Scenario.Status:success, Scenario.Step:start, Scenario.Steps:[{"Scenario.Status":"success","Scenario.Step":"stop","delta":70,"elapsed":71,"elapsedSinceProcessStart":211,"previousStep":"start","sequence":1,"stepDelta":70}], Scenario.StepsEx:[{"taskName":"TeamsAsyncUpdaterTask"}], delta:0, elapsed:1, elapsedSinceProcessStart:141, previousStep:start, sequence:0, stepDelta:70, taskName:TeamsAsyncUpdaterTask
